Determining if the pthread_create exist failed with the following output:
Change Dir: /home/dragos/School/catkin_magabot/build/CMakeFiles/CMakeTmp

Run Build Command:"/usr/bin/make" "cmTC_b1a0a/fast"
/usr/bin/make -f CMakeFiles/cmTC_b1a0a.dir/build.make CMakeFiles/cmTC_b1a0a.dir/build
make[1]: Entering directory '/home/dragos/School/catkin_magabot/build/CMakeFiles/CMakeTmp'
Building C object CMakeFiles/cmTC_b1a0a.dir/CheckSymbolExists.c.o
/usr/bin/cc     -o CMakeFiles/cmTC_b1a0a.dir/CheckSymbolExists.c.o   -c /home/dragos/School/catkin_magabot/build/CMakeFiles/CMakeTmp/CheckSymbolExists.c
Linking C executable cmTC_b1a0a
/usr/bin/cmake -E cmake_link_script CMakeFiles/cmTC_b1a0a.dir/link.txt --verbose=1
/usr/bin/cc       CMakeFiles/cmTC_b1a0a.dir/CheckSymbolExists.c.o  -o cmTC_b1a0a -rdynamic 
CMakeFiles/cmTC_b1a0a.dir/CheckSymbolExists.c.o: In function `main':
CheckSymbolExists.c:(.text+0xa): undefined reference to `pthread_create'
collect2: error: ld returned 1 exit status
CMakeFiles/cmTC_b1a0a.dir/build.make:97: recipe for target 'cmTC_b1a0a' failed
make[1]: *** [cmTC_b1a0a] Error 1
make[1]: Leaving directory '/home/dragos/School/catkin_magabot/build/CMakeFiles/CMakeTmp'
Makefile:126: recipe for target 'cmTC_b1a0a/fast' failed
make: *** [cmTC_b1a0a/fast] Error 2

File /home/dragos/School/catkin_magabot/build/CMakeFiles/CMakeTmp/CheckSymbolExists.c:
/* */
#include <pthread.h>

int main(int argc, char** argv)
{
  (void)argv;
#ifndef pthread_create
  return ((int*)(&pthread_create))[argc];
#else
  (void)argc;
  return 0;
#endif
}

Determining if the function pthread_create exists in the pthreads failed with the following output:
Change Dir: /home/dragos/School/catkin_magabot/build/CMakeFiles/CMakeTmp

Run Build Command:"/usr/bin/make" "cmTC_37515/fast"
/usr/bin/make -f CMakeFiles/cmTC_37515.dir/build.make CMakeFiles/cmTC_37515.dir/build
make[1]: Entering directory '/home/dragos/School/catkin_magabot/build/CMakeFiles/CMakeTmp'
Building C object CMakeFiles/cmTC_37515.dir/CheckFunctionExists.c.o
/usr/bin/cc    -DCHECK_FUNCTION_EXISTS=pthread_create   -o CMakeFiles/cmTC_37515.dir/CheckFunctionExists.c.o   -c /usr/share/cmake-3.5/Modules/CheckFunctionExists.c
Linking C executable cmTC_37515
/usr/bin/cmake -E cmake_link_script CMakeFiles/cmTC_37515.dir/link.txt --verbose=1
/usr/bin/cc   -DCHECK_FUNCTION_EXISTS=pthread_create    CMakeFiles/cmTC_37515.dir/CheckFunctionExists.c.o  -o cmTC_37515 -rdynamic -lpthreads 
/usr/bin/ld: cannot find -lpthreads
collect2: error: ld returned 1 exit status
CMakeFiles/cmTC_37515.dir/build.make:97: recipe for target 'cmTC_37515' failed
make[1]: *** [cmTC_37515] Error 1
make[1]: Leaving directory '/home/dragos/School/catkin_magabot/build/CMakeFiles/CMakeTmp'
Makefile:126: recipe for target 'cmTC_37515/fast' failed
make: *** [cmTC_37515/fast] Error 2


